Arguments: 
  /opt/homebrew/Cellar/node/18.2.0/bin/node /opt/homebrew/Cellar/yarn/1.22.19/libexec/bin/yarn.js install

PATH: 
  /Users/lihaojun/DevTools/flutter/bin:/usr/local/opt/ruby/bin:/opt/homebrew/opt/openjdk/bin:/opt/homebrew/bin:/opt/homebrew/sbin:/usr/local/bin:/usr/bin:/bin:/usr/sbin:/sbin:/Library/TeX/texbin:/Library/Apple/usr/bin:/Applications/Wireshark.app/Contents/MacOS:/Users/lihaojun/.cargo/bin:/Users/lihaojun/Source/Shell

Yarn version: 
  1.22.19

Node version: 
  18.2.0

Platform: 
  darwin arm64

Trace: 
  Error: read ECONNRESET
      at TLSWrap.onStreamRead (node:internal/stream_base_commons:217:20)

npm manifest: 
  {
    "name": "networklogin",
    "version": "1.0.0",
    "description": "",
    "main": "login.js",
    "scripts": {
      "test": "echo \"Error: no test specified\" && exit 1"
    },
    "repository": {
      "type": "git",
      "url": "git+ssh://git@github.com/CH3CHOHCH3/NetworkLogin.git"
    },
    "author": "CH3CHOHCH3",
    "license": "ISC",
    "bugs": {
      "url": "https://github.com/CH3CHOHCH3/NetworkLogin/issues"
    },
    "homepage": "https://github.com/CH3CHOHCH3/NetworkLogin#readme",
    "dependencies": {
      "node-fetch": "^3.0.0"
    }
  }

yarn manifest: 
  No manifest

Lockfile: 
  No lockfile
